<?xml version="1.0" encoding="UTF-8"?>
<testsuite xmlns:xsi="http://www.w3.org/2001/XMLSchema-instance" xsi:noNamespaceSchemaLocation="https://maven.apache.org/surefire/maven-surefire-plugin/xsd/surefire-test-report-3.0.xsd" version="3.0" name="com.vivekt.inv.InvApplicationTests" time="3.545" tests="1" errors="0" skipped="0" failures="0">
  <properties>
[...]
</properties>
  <testcase name="contextLoads" classname="com.vivekt.inv.InvApplicationTests" time="1.572">
    <system-out><![CDATA[10:09:37.077 [main] INFO org.springframework.test.context.support.AnnotationConfigContextLoaderUtils -- Could not detect default configuration classes for test class [com.vivekt.inv.InvApplicationTests]: InvApplicationTests does not declare any static, non-private, non-final, nested classes annotated with @Configuration.
10:09:37.295 [main] INFO org.springframework.boot.test.context.SpringBootTestContextBootstrapper -- Found @SpringBootConfiguration com.vivekt.inv.InvApplication for test class com.vivekt.inv.InvApplicationTests

  .   ____          _            __ _ _
 /\\ / ___'_ __ _ _(_)_ __  __ _ \ \ \ \
( ( )\___ | '_ | '_| | '_ \/ _` | \ \ \ \
 \\/  ___)| |_)| | | | | || (_| |  ) ) ) )
  '  |____| .__|_| |_|_| |_\__, | / / / /
 =========|_|==============|___/=/_/_/_/
 :: Spring Boot ::                (v3.2.4)

2024-04-06T10:09:37.906+03:00  INFO 6392 --- [inv] [           main] com.vivekt.inv.InvApplicationTests       : Starting InvApplicationTests using Java 17.0.1 with PID 6392 (started by tiwar in D:\2024\inv1)
2024-04-06T10:09:37.908+03:00  INFO 6392 --- [inv] [           main] com.vivekt.inv.InvApplicationTests       : No active profile set, falling back to 1 default profile: "default"
2024-04-06T10:09:38.684+03:00  INFO 6392 --- [inv] [           main] com.vivekt.inv.InvApplicationTests       : Started InvApplicationTests in 1.162 seconds (process running for 3.565)
]]></system-out>
  </testcase>
</testsuite>